0 info it worked if it ends with ok
1 verbose cli [ '/usr/bin/nodejs', '/usr/bin/npm', 'start' ]
2 info using npm@1.4.21
3 info using node@v0.10.29
4 verbose run-script [ 'prestart', 'start', 'poststart' ]
5 info prestart mind-js@0.0.1
6 info start mind-js@0.0.1
7 verbose unsafe-perm in lifecycle true
8 info mind-js@0.0.1 Failed to exec start script
9 error mind-js@0.0.1 start: `grunt`
9 error Exit status 3
10 error Failed at the mind-js@0.0.1 start script.
10 error This is most likely a problem with the mind-js package,
10 error not with npm itself.
10 error Tell the author that this fails on your system:
10 error     grunt
10 error You can get their info via:
10 error     npm owner ls mind-js
10 error There is likely additional logging output above.
11 error System Linux 3.16.0-4-amd64
12 error command "/usr/bin/nodejs" "/usr/bin/npm" "start"
13 error cwd /autofs/netapp/travail/leaantunes/M2/CPR/mind-js
14 error node -v v0.10.29
15 error npm -v 1.4.21
16 error code ELIFECYCLE
17 verbose exit [ 1, true ]
